2021-04-07 11:29:50.432 [main] INFO  [] io.embold.scan.SyncSession - Begin sync
2021-04-07 11:29:50.445 [main] INFO  [] io.embold.scan.exec.VersionCheck - Current version of corona: 20.9.0-SNAPSHOT
2021-04-07 11:29:50.452 [main] INFO  [] io.embold.scan.exec.VersionCheck - Checksum for current version: 7847dd5e822e02b1c65a6fe87b12c073
2021-04-07 11:29:50.453 [main] INFO  [] io.embold.scan.SyncSession - Current package checksum: 7847dd5e822e02b1c65a6fe87b12c073, checking for updates
2021-04-07 11:29:50.521 [main] INFO  [] io.embold.scan.exec.Downloader - Current embold scanner package is at checksum: 7847dd5e822e02b1c65a6fe87b12c073, skipping update
2021-04-07 11:29:50.526 [main] INFO  [] io.embold.scan.SyncSession - Embold scanner package is up-to date
2021-04-07 11:29:50.536 [main] INFO  [] io.embold.scan.SyncSession - End sync
2021-04-07 12:13:54.859 [main] INFO  [] io.embold.scan.SyncSession - Begin sync
2021-04-07 12:13:54.863 [main] INFO  [] io.embold.scan.SyncSession - No checksum found, downloading packages
2021-04-07 12:19:14.168 [main] INFO  [] io.embold.scan.exec.Downloader - Current embold scanner package is at checksum: null, downloading latest embold scanner package...
2021-04-07 12:19:14.184 [main] INFO  [] io.embold.scan.exec.Extractor - Extracting package C:\Users\Nilesh\AppData\Local\Temp\3997963215474576046\corona-archive.tar.gz...
2021-04-07 12:20:50.579 [main] INFO  [] io.embold.scan.exec.Extractor - Extracted package C:\Users\Nilesh\AppData\Local\Temp\3997963215474576046\corona-archive.tar.gz at C:\Users\Nilesh\.m2\repository\io\embold\scan\embold-maven-plugin
2021-04-07 12:20:50.580 [main] INFO  [] io.embold.scan.SyncSession - Updated embold scanner to checksum: null
2021-04-07 12:20:50.588 [main] INFO  [] io.embold.scan.SyncSession - End sync
2021-04-07 16:58:05.557 [main] INFO  [] io.embold.scan.SyncSession - Begin sync
2021-04-07 16:58:05.570 [main] INFO  [] io.embold.scan.exec.VersionCheck - Current version of corona: 20.9.0-SNAPSHOT
2021-04-07 16:58:05.579 [main] INFO  [] io.embold.scan.exec.VersionCheck - Checksum for current version: 7847dd5e822e02b1c65a6fe87b12c073
2021-04-07 16:58:05.580 [main] INFO  [] io.embold.scan.SyncSession - Current package checksum: 7847dd5e822e02b1c65a6fe87b12c073, checking for updates
2021-04-07 16:58:05.648 [main] INFO  [] io.embold.scan.exec.Downloader - Current embold scanner package is at checksum: 7847dd5e822e02b1c65a6fe87b12c073, skipping update
2021-04-07 16:58:05.649 [main] INFO  [] io.embold.scan.SyncSession - Embold scanner package is up-to date
2021-04-07 16:58:05.651 [main] INFO  [] io.embold.scan.SyncSession - End sync
2021-04-07 18:09:28.281 [main] INFO  [] io.embold.scan.SyncSession - Begin sync
2021-04-07 18:09:28.301 [main] INFO  [] io.embold.scan.exec.VersionCheck - Current version of corona: 20.9.0-SNAPSHOT
2021-04-07 18:09:28.310 [main] INFO  [] io.embold.scan.exec.VersionCheck - Checksum for current version: 7847dd5e822e02b1c65a6fe87b12c073
2021-04-07 18:09:28.311 [main] INFO  [] io.embold.scan.SyncSession - Current package checksum: 7847dd5e822e02b1c65a6fe87b12c073, checking for updates
2021-04-07 18:09:28.396 [main] INFO  [] io.embold.scan.exec.Downloader - Current embold scanner package is at checksum: 7847dd5e822e02b1c65a6fe87b12c073, skipping update
2021-04-07 18:09:28.397 [main] INFO  [] io.embold.scan.SyncSession - Embold scanner package is up-to date
2021-04-07 18:09:28.401 [main] INFO  [] io.embold.scan.SyncSession - End sync
2021-04-07 19:56:57.819 [main] INFO  [] io.embold.scan.SyncSession - Begin sync
2021-04-07 19:56:57.835 [main] INFO  [] io.embold.scan.exec.VersionCheck - Current version of corona: 20.9.0-SNAPSHOT
2021-04-07 19:56:57.841 [main] INFO  [] io.embold.scan.exec.VersionCheck - Checksum for current version: 7847dd5e822e02b1c65a6fe87b12c073
2021-04-07 19:56:57.842 [main] INFO  [] io.embold.scan.SyncSession - Current package checksum: 7847dd5e822e02b1c65a6fe87b12c073, checking for updates
2021-04-07 19:56:57.957 [main] ERROR [] io.embold.scan.exec.Downloader - Error downloading embold scanner packages with error code: 403 
2021-04-07 19:56:57.959 [main] ERROR [] io.embold.scan.SyncSession - Could not update scanner packages
io.embold.scan.SyncException: Error downloading embold scanner packages with error code: 403
	at io.embold.scan.exec.Downloader.getPackage(Downloader.java:62) ~[scanner-sync-1.0.2.jar:?]
	at io.embold.scan.SyncSession.run(SyncSession.java:45) [scanner-sync-1.0.2.jar:?]
	at io.embold.scan.mvn.EmboldScanner.ensureScanner(EmboldScanner.java:54) [embold-maven-plugin-1.0.2.jar:?]
	at io.embold.scan.mvn.EmboldScanner.scan(EmboldScanner.java:37) [embold-maven-plugin-1.0.2.jar:?]
	at io.embold.scan.mvn.ScanMojo.execute(ScanMojo.java:95) [embold-maven-plugin-1.0.2.jar:?]
	at org.apache.maven.plugin.DefaultBuildPluginManager.executeMojo(DefaultBuildPluginManager.java:137) [maven-core-3.6.0.jar:3.6.0]
	at org.apache.maven.lifecycle.internal.MojoExecutor.execute(MojoExecutor.java:210) [maven-core-3.6.0.jar:3.6.0]
	at org.apache.maven.lifecycle.internal.MojoExecutor.execute(MojoExecutor.java:156) [maven-core-3.6.0.jar:3.6.0]
	at org.apache.maven.lifecycle.internal.MojoExecutor.execute(MojoExecutor.java:148) [maven-core-3.6.0.jar:3.6.0]
	at org.apache.maven.lifecycle.internal.LifecycleModuleBuilder.buildProject(LifecycleModuleBuilder.java:117) [maven-core-3.6.0.jar:3.6.0]
	at org.apache.maven.lifecycle.internal.LifecycleModuleBuilder.buildProject(LifecycleModuleBuilder.java:81) [maven-core-3.6.0.jar:3.6.0]
	at org.apache.maven.lifecycle.internal.builder.singlethreaded.SingleThreadedBuilder.build(SingleThreadedBuilder.java:56) [maven-core-3.6.0.jar:3.6.0]
	at org.apache.maven.lifecycle.internal.LifecycleStarter.execute(LifecycleStarter.java:128) [maven-core-3.6.0.jar:3.6.0]
	at org.apache.maven.DefaultMaven.doExecute(DefaultMaven.java:305) [maven-core-3.6.0.jar:3.6.0]
	at org.apache.maven.DefaultMaven.doExecute(DefaultMaven.java:192) [maven-core-3.6.0.jar:3.6.0]
	at org.apache.maven.DefaultMaven.execute(DefaultMaven.java:105) [maven-core-3.6.0.jar:3.6.0]
	at org.apache.maven.cli.MavenCli.execute(MavenCli.java:956) [maven-embedder-3.6.0.jar:3.6.0]
	at org.apache.maven.cli.MavenCli.doMain(MavenCli.java:288) [maven-embedder-3.6.0.jar:3.6.0]
	at org.apache.maven.cli.MavenCli.main(MavenCli.java:192) [maven-embedder-3.6.0.jar:3.6.0]
	at sun.reflect.NativeMethodAccessorImpl.invoke0(Native Method) ~[?:1.8.0_191]
	at sun.reflect.NativeMethodAccessorImpl.invoke(NativeMethodAccessorImpl.java:62) ~[?:1.8.0_191]
	at sun.reflect.DelegatingMethodAccessorImpl.invoke(DelegatingMethodAccessorImpl.java:43) ~[?:1.8.0_191]
	at java.lang.reflect.Method.invoke(Method.java:498) ~[?:1.8.0_191]
	at org.codehaus.plexus.classworlds.launcher.Launcher.launchEnhanced(Launcher.java:289) [plexus-classworlds-2.5.2.jar:?]
	at org.codehaus.plexus.classworlds.launcher.Launcher.launch(Launcher.java:229) [plexus-classworlds-2.5.2.jar:?]
	at org.codehaus.plexus.classworlds.launcher.Launcher.mainWithExitCode(Launcher.java:415) [plexus-classworlds-2.5.2.jar:?]
	at org.codehaus.plexus.classworlds.launcher.Launcher.main(Launcher.java:356) [plexus-classworlds-2.5.2.jar:?]
